This is XeTeX, Version 3.14159265-2.6-0.999991 (TeX Live 2019) (preloaded format=xelatex 2019.7.4)  8 NOV 2019 05:24
entering extended mode
 restricted \write18 enabled.
 %&-line parsing enabled.
**liberiaCoverageFinalReport.tex
(./liberiaCoverageFinalReport.tex
LaTeX2e <2018-12-01>
(/usr/local/texlive/2019/texmf-dist/tex/latex/base/article.cls
Document Class: article 2018/09/03 v1.4i Standard LaTeX document class
(/usr/local/texlive/2019/texmf-dist/tex/latex/base/size12.clo
File: size12.clo 2018/09/03 v1.4i Standard LaTeX file (size option)
)
\c@part=\count80
\c@section=\count81
\c@subsection=\count82
\c@subsubsection=\count83
\c@paragraph=\count84
\c@subparagraph=\count85
\c@figure=\count86
\c@table=\count87
\abovecaptionskip=\skip41
\belowcaptionskip=\skip42
\bibindent=\dimen102
) (/usr/local/texlive/2019/texmf-dist/tex/latex/lm/lmodern.sty
Package: lmodern 2009/10/30 v1.6 Latin Modern Fonts
LaTeX Font Info:    Overwriting symbol font `operators' in version `normal'
(Font)                  OT1/cmr/m/n --> OT1/lmr/m/n on input line 22.
LaTeX Font Info:    Overwriting symbol font `letters' in version `normal'
(Font)                  OML/cmm/m/it --> OML/lmm/m/it on input line 23.
LaTeX Font Info:    Overwriting symbol font `symbols' in version `normal'
(Font)                  OMS/cmsy/m/n --> OMS/lmsy/m/n on input line 24.
LaTeX Font Info:    Overwriting symbol font `largesymbols' in version `normal'
(Font)                  OMX/cmex/m/n --> OMX/lmex/m/n on input line 25.
LaTeX Font Info:    Overwriting symbol font `operators' in version `bold'
(Font)                  OT1/cmr/bx/n --> OT1/lmr/bx/n on input line 26.
LaTeX Font Info:    Overwriting symbol font `letters' in version `bold'
(Font)                  OML/cmm/b/it --> OML/lmm/b/it on input line 27.
LaTeX Font Info:    Overwriting symbol font `symbols' in version `bold'
(Font)                  OMS/cmsy/b/n --> OMS/lmsy/b/n on input line 28.
LaTeX Font Info:    Overwriting symbol font `largesymbols' in version `bold'
(Font)                  OMX/cmex/m/n --> OMX/lmex/m/n on input line 29.
LaTeX Font Info:    Overwriting math alphabet `\mathbf' in version `normal'
(Font)                  OT1/cmr/bx/n --> OT1/lmr/bx/n on input line 31.
LaTeX Font Info:    Overwriting math alphabet `\mathsf' in version `normal'
(Font)                  OT1/cmss/m/n --> OT1/lmss/m/n on input line 32.
LaTeX Font Info:    Overwriting math alphabet `\mathit' in version `normal'
(Font)                  OT1/cmr/m/it --> OT1/lmr/m/it on input line 33.
LaTeX Font Info:    Overwriting math alphabet `\mathtt' in version `normal'
(Font)                  OT1/cmtt/m/n --> OT1/lmtt/m/n on input line 34.
LaTeX Font Info:    Overwriting math alphabet `\mathbf' in version `bold'
(Font)                  OT1/cmr/bx/n --> OT1/lmr/bx/n on input line 35.
LaTeX Font Info:    Overwriting math alphabet `\mathsf' in version `bold'
(Font)                  OT1/cmss/bx/n --> OT1/lmss/bx/n on input line 36.
LaTeX Font Info:    Overwriting math alphabet `\mathit' in version `bold'
(Font)                  OT1/cmr/bx/it --> OT1/lmr/bx/it on input line 37.
LaTeX Font Info:    Overwriting math alphabet `\mathtt' in version `bold'
(Font)                  OT1/cmtt/m/n --> OT1/lmtt/m/n on input line 38.
) (/usr/local/texlive/2019/texmf-dist/tex/latex/amsfonts/amssymb.sty
Package: amssymb 2013/01/14 v3.01 AMS font symbols
(/usr/local/texlive/2019/texmf-dist/tex/latex/amsfonts/amsfonts.sty
Package: amsfonts 2013/01/14 v3.01 Basic AMSFonts support
\@emptytoks=\toks14
\symAMSa=\mathgroup4
\symAMSb=\mathgroup5
LaTeX Font Info:    Overwriting math alphabet `\mathfrak' in version `bold'
(Font)                  U/euf/m/n --> U/euf/b/n on input line 106.
)) (/usr/local/texlive/2019/texmf-dist/tex/latex/amsmath/amsmath.sty
Package: amsmath 2018/12/01 v2.17b AMS math features
\@mathmargin=\skip43
For additional information on amsmath, use the `?' option.
(/usr/local/texlive/2019/texmf-dist/tex/latex/amsmath/amstext.sty
Package: amstext 2000/06/29 v2.01 AMS text
(/usr/local/texlive/2019/texmf-dist/tex/latex/amsmath/amsgen.sty
File: amsgen.sty 1999/11/30 v2.0 generic functions
\@emptytoks=\toks15
\ex@=\dimen103
)) (/usr/local/texlive/2019/texmf-dist/tex/latex/amsmath/amsbsy.sty
Package: amsbsy 1999/11/29 v1.2d Bold Symbols
\pmbraise@=\dimen104
) (/usr/local/texlive/2019/texmf-dist/tex/latex/amsmath/amsopn.sty
Package: amsopn 2016/03/08 v2.02 operator names
)
\inf@bad=\count88
LaTeX Info: Redefining \frac on input line 223.
\uproot@=\count89
\leftroot@=\count90
LaTeX Info: Redefining \overline on input line 385.
\classnum@=\count91
\DOTSCASE@=\count92
LaTeX Info: Redefining \ldots on input line 482.
LaTeX Info: Redefining \dots on input line 485.
LaTeX Info: Redefining \cdots on input line 606.
\Mathstrutbox@=\box27
\strutbox@=\box28
\big@size=\dimen105
LaTeX Font Info:    Redeclaring font encoding OML on input line 729.
LaTeX Font Info:    Redeclaring font encoding OMS on input line 730.
\macc@depth=\count93
\c@MaxMatrixCols=\count94
\dotsspace@=\muskip10
\c@parentequation=\count95
\dspbrk@lvl=\count96
\tag@help=\toks16
\row@=\count97
\column@=\count98
\maxfields@=\count99
\andhelp@=\toks17
\eqnshift@=\dimen106
\alignsep@=\dimen107
\tagshift@=\dimen108
\tagwidth@=\dimen109
\totwidth@=\dimen110
\lineht@=\dimen111
\@envbody=\toks18
\multlinegap=\skip44
\multlinetaggap=\skip45
\mathdisplay@stack=\toks19
LaTeX Info: Redefining \[ on input line 2844.
LaTeX Info: Redefining \] on input line 2845.
) (/usr/local/texlive/2019/texmf-dist/tex/generic/ifxetex/ifxetex.sty
Package: ifxetex 2010/09/12 v0.6 Provides ifxetex conditional
) (/usr/local/texlive/2019/texmf-dist/tex/generic/oberdiek/ifluatex.sty
Package: ifluatex 2016/05/16 v1.4 Provides the ifluatex switch (HO)
Package ifluatex Info: LuaTeX not detected.
) (/usr/local/texlive/2019/texmf-dist/tex/latex/base/fixltx2e.sty
Package: fixltx2e 2016/12/29 v2.1a fixes to LaTeX (obsolete)
Applying: [2015/01/01] Old fixltx2e package on input line 46.

Package fixltx2e Warning: fixltx2e is not required with releases after 2015
(fixltx2e)                All fixes are now in the LaTeX kernel.
(fixltx2e)                See the latexrelease package for details.

Already applied: [0000/00/00] Old fixltx2e package on input line 53.
) (/usr/local/texlive/2019/texmf-dist/tex/xelatex/mathspec/mathspec.sty
Package: mathspec 2016/12/22 v0.2b LaTeX Package (Mathematics font selection fo
r XeLaTeX)
(/usr/local/texlive/2019/texmf-dist/tex/latex/etoolbox/etoolbox.sty
Package: etoolbox 2018/08/19 v2.5f e-TeX tools for LaTeX (JAW)
\etb@tempcnta=\count100
) (/usr/local/texlive/2019/texmf-dist/tex/latex/fontspec/fontspec.sty (/usr/loc
al/texlive/2019/texmf-dist/tex/latex/l3packages/xparse/xparse.sty (/usr/local/t
exlive/2019/texmf-dist/tex/latex/l3kernel/expl3.sty
Package: expl3 2019-05-07 L3 programming layer (loader) 
(/usr/local/texlive/2019/texmf-dist/tex/latex/l3kernel/expl3-code.tex
Package: expl3 2019-05-07 L3 programming layer (code)
\c_max_int=\count101
\l_tmpa_int=\count102
\l_tmpb_int=\count103
\g_tmpa_int=\count104
\g_tmpb_int=\count105
\g__kernel_prg_map_int=\count106
\c__ior_term_ior=\count107
\c_log_iow=\count108
\l_iow_line_count_int=\count109
\l__iow_line_target_int=\count110
\l__iow_one_indent_int=\count111
\l__iow_indent_int=\count112
\c_zero_dim=\dimen112
\c_max_dim=\dimen113
\l_tmpa_dim=\dimen114
\l_tmpb_dim=\dimen115
\g_tmpa_dim=\dimen116
\g_tmpb_dim=\dimen117
\c_zero_skip=\skip46
\c_max_skip=\skip47
\l_tmpa_skip=\skip48
\l_tmpb_skip=\skip49
\g_tmpa_skip=\skip50
\g_tmpb_skip=\skip51
\c_zero_muskip=\muskip11
\c_max_muskip=\muskip12
\l_tmpa_muskip=\muskip13
\l_tmpb_muskip=\muskip14
\g_tmpa_muskip=\muskip15
\g_tmpb_muskip=\muskip16
\l_keys_choice_int=\count113
\l__intarray_loop_int=\count114
\c__intarray_sp_dim=\dimen118
\g__intarray_font_int=\count115
\c__fp_leading_shift_int=\count116
\c__fp_middle_shift_int=\count117
\c__fp_trailing_shift_int=\count118
\c__fp_big_leading_shift_int=\count119
\c__fp_big_middle_shift_int=\count120
\c__fp_big_trailing_shift_int=\count121
\c__fp_Bigg_leading_shift_int=\count122
\c__fp_Bigg_middle_shift_int=\count123
\c__fp_Bigg_trailing_shift_int=\count124
\g__fp_array_int=\count125
\l__fp_array_loop_int=\count126
\l__sort_length_int=\count127
\l__sort_min_int=\count128
\l__sort_top_int=\count129
\l__sort_max_int=\count130
\l__sort_true_max_int=\count131
\l__sort_block_int=\count132
\l__sort_begin_int=\count133
\l__sort_end_int=\count134
\l__sort_A_int=\count135
\l__sort_B_int=\count136
\l__sort_C_int=\count137
\l__tl_analysis_normal_int=\count138
\l__tl_analysis_index_int=\count139
\l__tl_analysis_nesting_int=\count140
\l__tl_analysis_type_int=\count141
\l__regex_internal_a_int=\count142
\l__regex_internal_b_int=\count143
\l__regex_internal_c_int=\count144
\l__regex_balance_int=\count145
\l__regex_group_level_int=\count146
\l__regex_mode_int=\count147
\c__regex_cs_in_class_mode_int=\count148
\c__regex_cs_mode_int=\count149
\l__regex_catcodes_int=\count150
\l__regex_default_catcodes_int=\count151
\c__regex_catcode_L_int=\count152
\c__regex_catcode_O_int=\count153
\c__regex_catcode_A_int=\count154
\c__regex_all_catcodes_int=\count155
\l__regex_show_lines_int=\count156
\l__regex_min_state_int=\count157
\l__regex_max_state_int=\count158
\l__regex_left_state_int=\count159
\l__regex_right_state_int=\count160
\l__regex_capturing_group_int=\count161
\l__regex_min_pos_int=\count162
\l__regex_max_pos_int=\count163
\l__regex_curr_pos_int=\count164
\l__regex_start_pos_int=\count165
\l__regex_success_pos_int=\count166
\l__regex_curr_char_int=\count167
\l__regex_curr_catcode_int=\count168
\l__regex_last_char_int=\count169
\l__regex_case_changed_char_int=\count170
\l__regex_curr_state_int=\count171
\l__regex_step_int=\count172
\l__regex_min_active_int=\count173
\l__regex_max_active_int=\count174
\l__regex_replacement_csnames_int=\count175
\l__regex_match_count_int=\count176
\l__regex_min_submatch_int=\count177
\l__regex_submatch_int=\count178
\l__regex_zeroth_submatch_int=\count179
\g__regex_trace_regex_int=\count180
\c_empty_box=\box29
\l_tmpa_box=\box30
\l_tmpb_box=\box31
\g_tmpa_box=\box32
\g_tmpb_box=\box33
\l__box_top_dim=\dimen119
\l__box_bottom_dim=\dimen120
\l__box_left_dim=\dimen121
\l__box_right_dim=\dimen122
\l__box_top_new_dim=\dimen123
\l__box_bottom_new_dim=\dimen124
\l__box_left_new_dim=\dimen125
\l__box_right_new_dim=\dimen126
\l__box_internal_box=\box34
\l__coffin_internal_box=\box35
\l__coffin_internal_dim=\dimen127
\l__coffin_offset_x_dim=\dimen128
\l__coffin_offset_y_dim=\dimen129
\l__coffin_x_dim=\dimen130
\l__coffin_y_dim=\dimen131
\l__coffin_x_prime_dim=\dimen132
\l__coffin_y_prime_dim=\dimen133
\c_empty_coffin=\box36
\l__coffin_aligned_coffin=\box37
\l__coffin_aligned_internal_coffin=\box38
\l_tmpa_coffin=\box39
\l_tmpb_coffin=\box40
\g_tmpa_coffin=\box41
\g_tmpb_coffin=\box42
\l__coffin_bounding_shift_dim=\dimen134
\l__coffin_left_corner_dim=\dimen135
\l__coffin_right_corner_dim=\dimen136
\l__coffin_bottom_corner_dim=\dimen137
\l__coffin_top_corner_dim=\dimen138
\l__coffin_scaled_total_height_dim=\dimen139
\l__coffin_scaled_width_dim=\dimen140
\c__coffin_empty_coffin=\box43
\l__coffin_display_coffin=\box44
\l__coffin_display_coord_coffin=\box45
\l__coffin_display_pole_coffin=\box46
\l__coffin_display_offset_dim=\dimen141
\l__coffin_display_x_dim=\dimen142
\l__coffin_display_y_dim=\dimen143
\g__file_internal_ior=\read1
\l__seq_internal_a_int=\count181
\l__seq_internal_b_int=\count182
\c__deprecation_minus_one=\count183
) (/usr/local/texlive/2019/texmf-dist/tex/latex/l3kernel/l3xdvipdfmx.def
File: l3xdvipdfmx.def 2019-04-06 v L3 Experimental driver: xdvipdfmx
\g__driver_image_int=\count184
\l__driver_pdf_tmp_box=\box47
\g__driver_pdf_object_int=\count185
\g__driver_pdf_annotation_int=\count186
))
Package: xparse 2019-05-03 L3 Experimental document command parser
\l__xparse_current_arg_int=\count187
\g__xparse_grabber_int=\count188
\l__xparse_m_args_int=\count189
\l__xparse_v_nesting_int=\count190
)
Package: fontspec 2019/03/15 v2.7c Font selection for XeLaTeX and LuaLaTeX
(/usr/local/texlive/2019/texmf-dist/tex/latex/fontspec/fontspec-xetex.sty
Package: fontspec-xetex 2019/03/15 v2.7c Font selection for XeLaTeX and LuaLaTe
X
\l__fontspec_script_int=\count191
\l__fontspec_language_int=\count192
\l__fontspec_strnum_int=\count193
\l__fontspec_tmp_int=\count194
\l__fontspec_tmpa_int=\count195
\l__fontspec_tmpb_int=\count196
\l__fontspec_tmpc_int=\count197
\l__fontspec_em_int=\count198
\l__fontspec_emdef_int=\count199
\l__fontspec_strong_int=\count266
\l__fontspec_strongdef_int=\count267
\l__fontspec_tmpa_dim=\dimen144
\l__fontspec_tmpb_dim=\dimen145
\l__fontspec_tmpc_dim=\dimen146
(/usr/local/texlive/2019/texmf-dist/tex/latex/base/fontenc.sty
Package: fontenc 2018/08/11 v2.0j Standard LaTeX package
(/usr/local/texlive/2019/texmf-dist/tex/latex/base/tuenc.def
File: tuenc.def 2018/08/11 v2.0j Standard LaTeX file
LaTeX Font Info:    Redeclaring font encoding TU on input line 82.
)) (/usr/local/texlive/2019/texmf-dist/tex/latex/fontspec/fontspec.cfg)
LaTeX Info: Redefining \itshape on input line 4051.
LaTeX Info: Redefining \slshape on input line 4056.
LaTeX Info: Redefining \scshape on input line 4061.
LaTeX Info: Redefining \upshape on input line 4066.
LaTeX Info: Redefining \em on input line 4096.
LaTeX Info: Redefining \emph on input line 4121.
)) (/usr/local/texlive/2019/texmf-dist/tex/latex/xkeyval/xkeyval.sty
Package: xkeyval 2014/12/03 v2.7a package option processing (HA)
(/usr/local/texlive/2019/texmf-dist/tex/generic/xkeyval/xkeyval.tex (/usr/local
/texlive/2019/texmf-dist/tex/generic/xkeyval/xkvutils.tex
\XKV@toks=\toks20
\XKV@tempa@toks=\toks21
(/usr/local/texlive/2019/texmf-dist/tex/generic/xkeyval/keyval.tex))
\XKV@depth=\count268
File: xkeyval.tex 2014/12/03 v2.7a key=value parser (HA)
))
\c@eu@=\count269
\c@eu@i=\count270
\c@mkern=\count271
) (/usr/local/texlive/2019/texmf-dist/tex/latex/upquote/upquote.sty
Package: upquote 2012/04/19 v1.3 upright-quote and grave-accent glyphs in verba
tim
(/usr/local/texlive/2019/texmf-dist/tex/latex/base/textcomp.sty
Package: textcomp 2018/08/11 v2.0j Standard LaTeX package
Package textcomp Info: Sub-encoding information:
(textcomp)               5 = only ISO-Adobe without \textcurrency
(textcomp)               4 = 5 + \texteuro
(textcomp)               3 = 4 + \textohm
(textcomp)               2 = 3 + \textestimated + \textcurrency
(textcomp)               1 = TS1 - \textcircled - \t
(textcomp)               0 = TS1 (full)
(textcomp)             Font families with sub-encoding setting implement
(textcomp)             only a restricted character set as indicated.
(textcomp)             Family '?' is the default used for unknown fonts.
(textcomp)             See the documentation for details.
Package textcomp Info: Setting ? sub-encoding to TS1/1 on input line 79.
(/usr/local/texlive/2019/texmf-dist/tex/latex/base/ts1enc.def
File: ts1enc.def 2001/06/05 v3.0e (jk/car/fm) Standard LaTeX file
)
LaTeX Info: Redefining \oldstylenums on input line 334.
Package textcomp Info: Setting cmr sub-encoding to TS1/0 on input line 349.
Package textcomp Info: Setting cmss sub-encoding to TS1/0 on input line 350.
Package textcomp Info: Setting cmtt sub-encoding to TS1/0 on input line 351.
Package textcomp Info: Setting cmvtt sub-encoding to TS1/0 on input line 352.
Package textcomp Info: Setting cmbr sub-encoding to TS1/0 on input line 353.
Package textcomp Info: Setting cmtl sub-encoding to TS1/0 on input line 354.
Package textcomp Info: Setting ccr sub-encoding to TS1/0 on input line 355.
Package textcomp Info: Setting ptm sub-encoding to TS1/4 on input line 356.
Package textcomp Info: Setting pcr sub-encoding to TS1/4 on input line 357.
Package textcomp Info: Setting phv sub-encoding to TS1/4 on input line 358.
Package textcomp Info: Setting ppl sub-encoding to TS1/3 on input line 359.
Package textcomp Info: Setting pag sub-encoding to TS1/4 on input line 360.
Package textcomp Info: Setting pbk sub-encoding to TS1/4 on input line 361.
Package textcomp Info: Setting pnc sub-encoding to TS1/4 on input line 362.
Package textcomp Info: Setting pzc sub-encoding to TS1/4 on input line 363.
Package textcomp Info: Setting bch sub-encoding to TS1/4 on input line 364.
Package textcomp Info: Setting put sub-encoding to TS1/5 on input line 365.
Package textcomp Info: Setting uag sub-encoding to TS1/5 on input line 366.
Package textcomp Info: Setting ugq sub-encoding to TS1/5 on input line 367.
Package textcomp Info: Setting ul8 sub-encoding to TS1/4 on input line 368.
Package textcomp Info: Setting ul9 sub-encoding to TS1/4 on input line 369.
Package textcomp Info: Setting augie sub-encoding to TS1/5 on input line 370.
Package textcomp Info: Setting dayrom sub-encoding to TS1/3 on input line 371.
Package textcomp Info: Setting dayroms sub-encoding to TS1/3 on input line 372.

Package textcomp Info: Setting pxr sub-encoding to TS1/0 on input line 373.
Package textcomp Info: Setting pxss sub-encoding to TS1/0 on input line 374.
Package textcomp Info: Setting pxtt sub-encoding to TS1/0 on input line 375.
Package textcomp Info: Setting txr sub-encoding to TS1/0 on input line 376.
Package textcomp Info: Setting txss sub-encoding to TS1/0 on input line 377.
Package textcomp Info: Setting txtt sub-encoding to TS1/0 on input line 378.
Package textcomp Info: Setting lmr sub-encoding to TS1/0 on input line 379.
Package textcomp Info: Setting lmdh sub-encoding to TS1/0 on input line 380.
Package textcomp Info: Setting lmss sub-encoding to TS1/0 on input line 381.
Package textcomp Info: Setting lmssq sub-encoding to TS1/0 on input line 382.
Package textcomp Info: Setting lmvtt sub-encoding to TS1/0 on input line 383.
Package textcomp Info: Setting lmtt sub-encoding to TS1/0 on input line 384.
Package textcomp Info: Setting qhv sub-encoding to TS1/0 on input line 385.
Package textcomp Info: Setting qag sub-encoding to TS1/0 on input line 386.
Package textcomp Info: Setting qbk sub-encoding to TS1/0 on input line 387.
Package textcomp Info: Setting qcr sub-encoding to TS1/0 on input line 388.
Package textcomp Info: Setting qcs sub-encoding to TS1/0 on input line 389.
Package textcomp Info: Setting qpl sub-encoding to TS1/0 on input line 390.
Package textcomp Info: Setting qtm sub-encoding to TS1/0 on input line 391.
Package textcomp Info: Setting qzc sub-encoding to TS1/0 on input line 392.
Package textcomp Info: Setting qhvc sub-encoding to TS1/0 on input line 393.
Package textcomp Info: Setting futs sub-encoding to TS1/4 on input line 394.
Package textcomp Info: Setting futx sub-encoding to TS1/4 on input line 395.
Package textcomp Info: Setting futj sub-encoding to TS1/4 on input line 396.
Package textcomp Info: Setting hlh sub-encoding to TS1/3 on input line 397.
Package textcomp Info: Setting hls sub-encoding to TS1/3 on input line 398.
Package textcomp Info: Setting hlst sub-encoding to TS1/3 on input line 399.
Package textcomp Info: Setting hlct sub-encoding to TS1/5 on input line 400.
Package textcomp Info: Setting hlx sub-encoding to TS1/5 on input line 401.
Package textcomp Info: Setting hlce sub-encoding to TS1/5 on input line 402.
Package textcomp Info: Setting hlcn sub-encoding to TS1/5 on input line 403.
Package textcomp Info: Setting hlcw sub-encoding to TS1/5 on input line 404.
Package textcomp Info: Setting hlcf sub-encoding to TS1/5 on input line 405.
Package textcomp Info: Setting pplx sub-encoding to TS1/3 on input line 406.
Package textcomp Info: Setting pplj sub-encoding to TS1/3 on input line 407.
Package textcomp Info: Setting ptmx sub-encoding to TS1/4 on input line 408.
Package textcomp Info: Setting ptmj sub-encoding to TS1/4 on input line 409.
)) (/usr/local/texlive/2019/texmf-dist/tex/latex/microtype/microtype.sty
Package: microtype 2019/02/28 v2.7b Micro-typographical refinements (RS)
\MT@toks=\toks22
\MT@count=\count272
LaTeX Info: Redefining \textls on input line 790.
\MT@outer@kern=\dimen147
LaTeX Info: Redefining \textmicrotypecontext on input line 1336.
\MT@listname@count=\count273
(/usr/local/texlive/2019/texmf-dist/tex/latex/microtype/microtype-xetex.def
File: microtype-xetex.def 2019/02/28 v2.7b Definitions specific to xetex (RS)
LaTeX Info: Redefining \lsstyle on input line 258.
)
Package microtype Info: Loading configuration file microtype.cfg.
(/usr/local/texlive/2019/texmf-dist/tex/latex/microtype/microtype.cfg
File: microtype.cfg 2019/02/28 v2.7b microtype main configuration file (RS)
)) (/usr/local/texlive/2019/texmf-dist/tex/latex/geometry/geometry.sty
Package: geometry 2018/04/16 v5.8 Page Geometry
(/usr/local/texlive/2019/texmf-dist/tex/generic/oberdiek/ifpdf.sty
Package: ifpdf 2018/09/07 v3.3 Provides the ifpdf switch
) (/usr/local/texlive/2019/texmf-dist/tex/generic/oberdiek/ifvtex.sty
Package: ifvtex 2016/05/16 v1.6 Detect VTeX and its facilities (HO)
Package ifvtex Info: VTeX not detected.
)
\Gm@cnth=\count274
\Gm@cntv=\count275
\c@Gm@tempcnt=\count276
\Gm@bindingoffset=\dimen148
\Gm@wd@mp=\dimen149
\Gm@odd@mp=\dimen150
\Gm@even@mp=\dimen151
\Gm@layoutwidth=\dimen152
\Gm@layoutheight=\dimen153
\Gm@layouthoffset=\dimen154
\Gm@layoutvoffset=\dimen155
\Gm@dimlist=\toks23
) (/usr/local/texlive/2019/texmf-dist/tex/latex/hyperref/hyperref.sty
Package: hyperref 2018/11/30 v6.88e Hypertext links for LaTeX
(/usr/local/texlive/2019/texmf-dist/tex/generic/oberdiek/hobsub-hyperref.sty
Package: hobsub-hyperref 2016/05/16 v1.14 Bundle oberdiek, subset hyperref (HO)

(/usr/local/texlive/2019/texmf-dist/tex/generic/oberdiek/hobsub-generic.sty
Package: hobsub-generic 2016/05/16 v1.14 Bundle oberdiek, subset generic (HO)
Package: hobsub 2016/05/16 v1.14 Construct package bundles (HO)
Package: infwarerr 2016/05/16 v1.4 Providing info/warning/error messages (HO)
Package: ltxcmds 2016/05/16 v1.23 LaTeX kernel commands for general use (HO)
Package hobsub Info: Skipping package `ifluatex' (already loaded).
Package hobsub Info: Skipping package `ifvtex' (already loaded).
Package: intcalc 2016/05/16 v1.2 Expandable calculations with integers (HO)
Package hobsub Info: Skipping package `ifpdf' (already loaded).
Package: etexcmds 2016/05/16 v1.6 Avoid name clashes with e-TeX commands (HO)
Package: kvsetkeys 2016/05/16 v1.17 Key value parser (HO)
Package: kvdefinekeys 2016/05/16 v1.4 Define keys (HO)
Package: pdftexcmds 2018/09/10 v0.29 Utility functions of pdfTeX for LuaTeX (HO
)
Package pdftexcmds Info: LuaTeX not detected.
Package pdftexcmds Info: pdfTeX >= 1.30 not detected.
Package pdftexcmds Info: \pdf@primitive is available.
Package pdftexcmds Info: \pdf@ifprimitive is available.
Package pdftexcmds Info: \pdfdraftmode not found.
Package: pdfescape 2016/05/16 v1.14 Implements pdfTeX's escape features (HO)
Package: bigintcalc 2016/05/16 v1.4 Expandable calculations on big integers (HO
)
Package: bitset 2016/05/16 v1.2 Handle bit-vector datatype (HO)
Package: uniquecounter 2016/05/16 v1.3 Provide unlimited unique counter (HO)
)
Package hobsub Info: Skipping package `hobsub' (already loaded).
Package: letltxmacro 2016/05/16 v1.5 Let assignment for LaTeX macros (HO)
Package: hopatch 2016/05/16 v1.3 Wrapper for package hooks (HO)
Package: xcolor-patch 2016/05/16 xcolor patch
Package: atveryend 2016/05/16 v1.9 Hooks at the very end of document (HO)
Package: atbegshi 2016/06/09 v1.18 At begin shipout hook (HO)
Package: refcount 2016/05/16 v3.5 Data extraction from label references (HO)
Package: hycolor 2016/05/16 v1.8 Color options for hyperref/bookmark (HO)
) (/usr/local/texlive/2019/texmf-dist/tex/latex/oberdiek/auxhook.sty
Package: auxhook 2016/05/16 v1.4 Hooks for auxiliary files (HO)
) (/usr/local/texlive/2019/texmf-dist/tex/latex/oberdiek/kvoptions.sty
Package: kvoptions 2016/05/16 v3.12 Key value format for package options (HO)
)
\@linkdim=\dimen156
\Hy@linkcounter=\count277
\Hy@pagecounter=\count278
(/usr/local/texlive/2019/texmf-dist/tex/latex/hyperref/pd1enc.def
File: pd1enc.def 2018/11/30 v6.88e Hyperref: PDFDocEncoding definition (HO)
)
\Hy@SavedSpaceFactor=\count279
(/usr/local/texlive/2019/texmf-dist/tex/latex/latexconfig/hyperref.cfg
File: hyperref.cfg 2002/06/06 v1.2 hyperref configuration of TeXLive
)
Package hyperref Info: Hyper figures OFF on input line 4519.
Package hyperref Info: Link nesting OFF on input line 4524.
Package hyperref Info: Hyper index ON on input line 4527.
Package hyperref Info: Plain pages OFF on input line 4534.
Package hyperref Info: Backreferencing OFF on input line 4539.
Package hyperref Info: Implicit mode ON; LaTeX internals redefined.
Package hyperref Info: Bookmarks ON on input line 4772.
\c@Hy@tempcnt=\count280
(/usr/local/texlive/2019/texmf-dist/tex/latex/url/url.sty
\Urlmuskip=\muskip17
Package: url 2013/09/16  ver 3.4  Verb mode for urls, etc.
)
LaTeX Info: Redefining \url on input line 5125.
\XeTeXLinkMargin=\dimen157
\Fld@menulength=\count281
\Field@Width=\dimen158
\Fld@charsize=\dimen159
Package hyperref Info: Hyper figures OFF on input line 6380.
Package hyperref Info: Link nesting OFF on input line 6385.
Package hyperref Info: Hyper index ON on input line 6388.
Package hyperref Info: backreferencing OFF on input line 6395.
Package hyperref Info: Link coloring OFF on input line 6400.
Package hyperref Info: Link coloring with OCG OFF on input line 6405.
Package hyperref Info: PDF/A mode OFF on input line 6410.
LaTeX Info: Redefining \ref on input line 6450.
LaTeX Info: Redefining \pageref on input line 6454.
\Hy@abspage=\count282
\c@Item=\count283
\c@Hfootnote=\count284
)
Package hyperref Info: Driver (autodetected): hxetex.
(/usr/local/texlive/2019/texmf-dist/tex/latex/hyperref/hxetex.def
File: hxetex.def 2018/11/30 v6.88e Hyperref driver for XeTeX
(/usr/local/texlive/2019/texmf-dist/tex/latex/hyperref/puenc.def
File: puenc.def 2018/11/30 v6.88e Hyperref: PDF Unicode definition (HO)
) (/usr/local/texlive/2019/texmf-dist/tex/generic/oberdiek/stringenc.sty
Package: stringenc 2016/05/16 v1.11 Convert strings between diff. encodings (HO
)
)
\pdfm@box=\box48
\c@Hy@AnnotLevel=\count285
\HyField@AnnotCount=\count286
\Fld@listcount=\count287
\c@bookmark@seq@number=\count288
(/usr/local/texlive/2019/texmf-dist/tex/latex/oberdiek/rerunfilecheck.sty
Package: rerunfilecheck 2016/05/16 v1.8 Rerun checks for auxiliary files (HO)
Package uniquecounter Info: New unique counter `rerunfilecheck' on input line 2
82.
)
\Hy@SectionHShift=\skip52
)
Package hyperref Info: Option `unicode' set `true' on input line 34.
(/usr/local/texlive/2019/texmf-dist/tex/generic/oberdiek/se-ascii-print.def
File: se-ascii-print.def 2016/05/16 v1.11 stringenc: Printable ASCII characters

)
Package hyperref Info: Option `colorlinks' set `true' on input line 34.
Package hyperref Info: Option `breaklinks' set `true' on input line 34.
(/usr/local/texlive/2019/texmf-dist/tex/latex/natbib/natbib.sty
Package: natbib 2010/09/13 8.31b (PWD, AO)
\bibhang=\skip53
\bibsep=\skip54
LaTeX Info: Redefining \cite on input line 694.
\c@NAT@ctr=\count289
) (/usr/local/texlive/2019/texmf-dist/tex/latex/tools/longtable.sty
Package: longtable 2014/10/28 v4.11 Multi-page Table package (DPC)+ FMi change
\LTleft=\skip55
\LTright=\skip56
\LTpre=\skip57
\LTpost=\skip58
\LTchunksize=\count290
\LTcapwidth=\dimen160
\LT@head=\box49
\LT@firsthead=\box50
\LT@foot=\box51
\LT@lastfoot=\box52
\LT@cols=\count291
\LT@rows=\count292
\c@LT@tables=\count293
\c@LT@chunks=\count294
\LT@p@ftn=\toks24
) (/usr/local/texlive/2019/texmf-dist/tex/latex/booktabs/booktabs.sty
Package: booktabs 2016/04/27 v1.618033 publication quality tables
\heavyrulewidth=\dimen161
\lightrulewidth=\dimen162
\cmidrulewidth=\dimen163
\belowrulesep=\dimen164
\belowbottomsep=\dimen165
\aboverulesep=\dimen166
\abovetopsep=\dimen167
\cmidrulesep=\dimen168
\cmidrulekern=\dimen169
\defaultaddspace=\dimen170
\@cmidla=\count295
\@cmidlb=\count296
\@aboverulesep=\dimen171
\@belowrulesep=\dimen172
\@thisruleclass=\count297
\@lastruleclass=\count298
\@thisrulewidth=\dimen173
) (/usr/local/texlive/2019/texmf-dist/tex/latex/graphics/graphicx.sty
Package: graphicx 2017/06/01 v1.1a Enhanced LaTeX Graphics (DPC,SPQR)
(/usr/local/texlive/2019/texmf-dist/tex/latex/graphics/graphics.sty
Package: graphics 2017/06/25 v1.2c Standard LaTeX Graphics (DPC,SPQR)
(/usr/local/texlive/2019/texmf-dist/tex/latex/graphics/trig.sty
Package: trig 2016/01/03 v1.10 sin cos tan (DPC)
) (/usr/local/texlive/2019/texmf-dist/tex/latex/graphics-cfg/graphics.cfg
File: graphics.cfg 2016/06/04 v1.11 sample graphics configuration
)
Package graphics Info: Driver file: xetex.def on input line 99.
(/usr/local/texlive/2019/texmf-dist/tex/latex/graphics-def/xetex.def
File: xetex.def 2017/06/24 v5.0h Graphics/color driver for xetex
))
\Gin@req@height=\dimen174
\Gin@req@width=\dimen175
) (/usr/local/texlive/2019/texmf-dist/tex/latex/oberdiek/grffile.sty
Package: grffile 2017/06/30 v1.18 Extended file name support for graphics (HO)
Package grffile Info: Option `multidot' is set to `true'.
Package grffile Info: Option `extendedchars' is set to `false'.
Package grffile Info: Option `space' is set to `true'.
Package grffile Info: \Gin@ii of package `graphicx' fixed on input line 494.
) (/usr/local/texlive/2019/texmf-dist/tex/latex/parskip/parskip.sty
Package: parskip 2019-01-16 v2.0c non-zero parskip adjustments
) (/usr/local/texlive/2019/texmf-dist/tex/latex/titling/titling.sty
Package: titling 2009/09/04 v2.1d maketitle typesetting
\thanksmarkwidth=\skip59
\thanksmargin=\skip60
\droptitle=\skip61
) (/usr/local/texlive/2019/texmf-dist/tex/latex/xcolor/xcolor.sty
Package: xcolor 2016/05/11 v2.12 LaTeX color extensions (UK)
(/usr/local/texlive/2019/texmf-dist/tex/latex/graphics-cfg/color.cfg
File: color.cfg 2016/01/02 v1.6 sample color configuration
)
Package xcolor Info: Driver file: xetex.def on input line 225.
(/usr/local/texlive/2019/texmf-dist/tex/latex/colortbl/colortbl.sty
Package: colortbl 2018/12/12 v1.0d Color table columns (DPC)
(/usr/local/texlive/2019/texmf-dist/tex/latex/tools/array.sty
Package: array 2018/12/30 v2.4k Tabular extension package (FMi)
\col@sep=\dimen176
\ar@mcellbox=\box53
\extrarowheight=\dimen177
\NC@list=\toks25
\extratabsurround=\skip62
\backup@length=\skip63
\ar@cellbox=\box54
)
\everycr=\toks26
\minrowclearance=\skip64
)
\rownum=\count299
Package xcolor Info: Model `cmy' substituted by `cmy0' on input line 1348.
Package xcolor Info: Model `RGB' extended on input line 1364.
Package xcolor Info: Model `HTML' substituted by `rgb' on input line 1366.
Package xcolor Info: Model `Hsb' substituted by `hsb' on input line 1367.
Package xcolor Info: Model `tHsb' substituted by `hsb' on input line 1368.
Package xcolor Info: Model `HSB' substituted by `hsb' on input line 1369.
Package xcolor Info: Model `Gray' substituted by `gray' on input line 1370.
Package xcolor Info: Model `wave' substituted by `hsb' on input line 1371.
) (/usr/local/texlive/2019/texmf-dist/tex/latex/tcolorbox/tcolorbox.sty
Package: tcolorbox 2019/03/02 version 4.20 text color boxes
(/usr/local/texlive/2019/texmf-dist/tex/latex/pgf/basiclayer/pgf.sty (/usr/loca
l/texlive/2019/texmf-dist/tex/latex/pgf/utilities/pgfrcs.sty
(/usr/local/texlive/2019/texmf-dist/tex/generic/pgf/utilities/pgfutil-common.te
x
\pgfutil@everybye=\toks27
\pgfutil@tempdima=\dimen178
\pgfutil@tempdimb=\dimen179

(/usr/local/texlive/2019/texmf-dist/tex/generic/pgf/utilities/pgfutil-common-li
sts.tex))
(/usr/local/texlive/2019/texmf-dist/tex/generic/pgf/utilities/pgfutil-latex.def
\pgfutil@abb=\box55
(/usr/local/texlive/2019/texmf-dist/tex/latex/ms/everyshi.sty
Package: everyshi 2001/05/15 v3.00 EveryShipout Package (MS)
)) (/usr/local/texlive/2019/texmf-dist/tex/generic/pgf/utilities/pgfrcs.code.te
x (/usr/local/texlive/2019/texmf-dist/tex/generic/pgf/pgf.revision.tex)
Package: pgfrcs 2019/04/04 v3.1.2 (3.1.2)
))
Package: pgf 2019/04/04 v3.1.2 (3.1.2)
(/usr/local/texlive/2019/texmf-dist/tex/latex/pgf/basiclayer/pgfcore.sty (/usr/
local/texlive/2019/texmf-dist/tex/latex/pgf/systemlayer/pgfsys.sty
(/usr/local/texlive/2019/texmf-dist/tex/generic/pgf/systemlayer/pgfsys.code.tex
Package: pgfsys 2019/04/04 v3.1.2 (3.1.2)
(/usr/local/texlive/2019/texmf-dist/tex/generic/pgf/utilities/pgfkeys.code.tex
\pgfkeys@pathtoks=\toks28
\pgfkeys@temptoks=\toks29

(/usr/local/texlive/2019/texmf-dist/tex/generic/pgf/utilities/pgfkeysfiltered.c
ode.tex
\pgfkeys@tmptoks=\toks30
))
\pgf@x=\dimen180
\pgf@y=\dimen181
\pgf@xa=\dimen182
\pgf@ya=\dimen183
\pgf@xb=\dimen184
\pgf@yb=\dimen185
\pgf@xc=\dimen186
\pgf@yc=\dimen187
\w@pgf@writea=\write3
\r@pgf@reada=\read2
\c@pgf@counta=\count300
\c@pgf@countb=\count301
\c@pgf@countc=\count302
\c@pgf@countd=\count303
\t@pgf@toka=\toks31
\t@pgf@tokb=\toks32
\t@pgf@tokc=\toks33
\pgf@sys@id@count=\count304
(/usr/local/texlive/2019/texmf-dist/tex/generic/pgf/systemlayer/pgf.cfg
File: pgf.cfg 2019/04/04 v3.1.2 (3.1.2)
)
Driver file for pgf: pgfsys-xetex.def

(/usr/local/texlive/2019/texmf-dist/tex/generic/pgf/systemlayer/pgfsys-xetex.de
f
File: pgfsys-xetex.def 2019/04/04 v3.1.2 (3.1.2)

(/usr/local/texlive/2019/texmf-dist/tex/generic/pgf/systemlayer/pgfsys-dvipdfmx
.def
File: pgfsys-dvipdfmx.def 2019/04/04 v3.1.2 (3.1.2)

(/usr/local/texlive/2019/texmf-dist/tex/generic/pgf/systemlayer/pgfsys-common-p
df.def
File: pgfsys-common-pdf.def 2019/04/04 v3.1.2 (3.1.2)
)
\pgfsys@objnum=\count305
)))
(/usr/local/texlive/2019/texmf-dist/tex/generic/pgf/systemlayer/pgfsyssoftpath.
code.tex
File: pgfsyssoftpath.code.tex 2019/04/04 v3.1.2 (3.1.2)
\pgfsyssoftpath@smallbuffer@items=\count306
\pgfsyssoftpath@bigbuffer@items=\count307
)
(/usr/local/texlive/2019/texmf-dist/tex/generic/pgf/systemlayer/pgfsysprotocol.
code.tex
File: pgfsysprotocol.code.tex 2019/04/04 v3.1.2 (3.1.2)
))
(/usr/local/texlive/2019/texmf-dist/tex/generic/pgf/basiclayer/pgfcore.code.tex
Package: pgfcore 2019/04/04 v3.1.2 (3.1.2)
(/usr/local/texlive/2019/texmf-dist/tex/generic/pgf/math/pgfmath.code.tex (/usr
/local/texlive/2019/texmf-dist/tex/generic/pgf/math/pgfmathcalc.code.tex (/usr/
local/texlive/2019/texmf-dist/tex/generic/pgf/math/pgfmathutil.code.tex)
(/usr/local/texlive/2019/texmf-dist/tex/generic/pgf/math/pgfmathparser.code.tex
\pgfmath@dimen=\dimen188
\pgfmath@count=\count308
\pgfmath@box=\box56
\pgfmath@toks=\toks34
\pgfmath@stack@operand=\toks35
\pgfmath@stack@operation=\toks36
)
(/usr/local/texlive/2019/texmf-dist/tex/generic/pgf/math/pgfmathfunctions.code.
tex
(/usr/local/texlive/2019/texmf-dist/tex/generic/pgf/math/pgfmathfunctions.basic
.code.tex)
(/usr/local/texlive/2019/texmf-dist/tex/generic/pgf/math/pgfmathfunctions.trigo
nometric.code.tex)
(/usr/local/texlive/2019/texmf-dist/tex/generic/pgf/math/pgfmathfunctions.rando
m.code.tex)
(/usr/local/texlive/2019/texmf-dist/tex/generic/pgf/math/pgfmathfunctions.compa
rison.code.tex)
(/usr/local/texlive/2019/texmf-dist/tex/generic/pgf/math/pgfmathfunctions.base.
code.tex)
(/usr/local/texlive/2019/texmf-dist/tex/generic/pgf/math/pgfmathfunctions.round
.code.tex)
(/usr/local/texlive/2019/texmf-dist/tex/generic/pgf/math/pgfmathfunctions.misc.
code.tex)
(/usr/local/texlive/2019/texmf-dist/tex/generic/pgf/math/pgfmathfunctions.integ
erarithmetics.code.tex))) (/usr/local/texlive/2019/texmf-dist/tex/generic/pgf/m
ath/pgfmathfloat.code.tex
\c@pgfmathroundto@lastzeros=\count309
))
(/usr/local/texlive/2019/texmf-dist/tex/generic/pgf/basiclayer/pgfcorepoints.co
de.tex
File: pgfcorepoints.code.tex 2019/04/04 v3.1.2 (3.1.2)
\pgf@picminx=\dimen189
\pgf@picmaxx=\dimen190
\pgf@picminy=\dimen191
\pgf@picmaxy=\dimen192
\pgf@pathminx=\dimen193
\pgf@pathmaxx=\dimen194
\pgf@pathminy=\dimen195
\pgf@pathmaxy=\dimen196
\pgf@xx=\dimen197
\pgf@xy=\dimen198
\pgf@yx=\dimen199
\pgf@yy=\dimen256
\pgf@zx=\dimen257
\pgf@zy=\dimen258
)
(/usr/local/texlive/2019/texmf-dist/tex/generic/pgf/basiclayer/pgfcorepathconst
ruct.code.tex
File: pgfcorepathconstruct.code.tex 2019/04/04 v3.1.2 (3.1.2)
\pgf@path@lastx=\dimen259
\pgf@path@lasty=\dimen260
)
(/usr/local/texlive/2019/texmf-dist/tex/generic/pgf/basiclayer/pgfcorepathusage
.code.tex
File: pgfcorepathusage.code.tex 2019/04/04 v3.1.2 (3.1.2)
\pgf@shorten@end@additional=\dimen261
\pgf@shorten@start@additional=\dimen262
)
(/usr/local/texlive/2019/texmf-dist/tex/generic/pgf/basiclayer/pgfcorescopes.co
de.tex
File: pgfcorescopes.code.tex 2019/04/04 v3.1.2 (3.1.2)
\pgfpic=\box57
\pgf@hbox=\box58
\pgf@layerbox@main=\box59
\pgf@picture@serial@count=\count310
)
(/usr/local/texlive/2019/texmf-dist/tex/generic/pgf/basiclayer/pgfcoregraphicst
ate.code.tex
File: pgfcoregraphicstate.code.tex 2019/04/04 v3.1.2 (3.1.2)
\pgflinewidth=\dimen263
)
(/usr/local/texlive/2019/texmf-dist/tex/generic/pgf/basiclayer/pgfcoretransform
ations.code.tex
File: pgfcoretransformations.code.tex 2019/04/04 v3.1.2 (3.1.2)
\pgf@pt@x=\dimen264
\pgf@pt@y=\dimen265
\pgf@pt@temp=\dimen266
)
(/usr/local/texlive/2019/texmf-dist/tex/generic/pgf/basiclayer/pgfcorequick.cod
e.tex
File: pgfcorequick.code.tex 2019/04/04 v3.1.2 (3.1.2)
)
(/usr/local/texlive/2019/texmf-dist/tex/generic/pgf/basiclayer/pgfcoreobjects.c
ode.tex
File: pgfcoreobjects.code.tex 2019/04/04 v3.1.2 (3.1.2)
)
(/usr/local/texlive/2019/texmf-dist/tex/generic/pgf/basiclayer/pgfcorepathproce
ssing.code.tex
File: pgfcorepathprocessing.code.tex 2019/04/04 v3.1.2 (3.1.2)
)
(/usr/local/texlive/2019/texmf-dist/tex/generic/pgf/basiclayer/pgfcorearrows.co
de.tex
File: pgfcorearrows.code.tex 2019/04/04 v3.1.2 (3.1.2)
\pgfarrowsep=\dimen267
)
(/usr/local/texlive/2019/texmf-dist/tex/generic/pgf/basiclayer/pgfcoreshade.cod
e.tex
File: pgfcoreshade.code.tex 2019/04/04 v3.1.2 (3.1.2)
\pgf@max=\dimen268
\pgf@sys@shading@range@num=\count311
\pgf@shadingcount=\count312
)
(/usr/local/texlive/2019/texmf-dist/tex/generic/pgf/basiclayer/pgfcoreimage.cod
e.tex
File: pgfcoreimage.code.tex 2019/04/04 v3.1.2 (3.1.2)

(/usr/local/texlive/2019/texmf-dist/tex/generic/pgf/basiclayer/pgfcoreexternal.
code.tex
File: pgfcoreexternal.code.tex 2019/04/04 v3.1.2 (3.1.2)
\pgfexternal@startupbox=\box60
))
(/usr/local/texlive/2019/texmf-dist/tex/generic/pgf/basiclayer/pgfcorelayers.co
de.tex
File: pgfcorelayers.code.tex 2019/04/04 v3.1.2 (3.1.2)
)
(/usr/local/texlive/2019/texmf-dist/tex/generic/pgf/basiclayer/pgfcoretranspare
ncy.code.tex
File: pgfcoretransparency.code.tex 2019/04/04 v3.1.2 (3.1.2)
)
(/usr/local/texlive/2019/texmf-dist/tex/generic/pgf/basiclayer/pgfcorepatterns.
code.tex
File: pgfcorepatterns.code.tex 2019/04/04 v3.1.2 (3.1.2)
)
(/usr/local/texlive/2019/texmf-dist/tex/generic/pgf/basiclayer/pgfcorerdf.code.
tex
File: pgfcorerdf.code.tex 2019/04/04 v3.1.2 (3.1.2)
)))
(/usr/local/texlive/2019/texmf-dist/tex/generic/pgf/modules/pgfmoduleshapes.cod
e.tex
File: pgfmoduleshapes.code.tex 2019/04/04 v3.1.2 (3.1.2)
\pgfnodeparttextbox=\box61
)
(/usr/local/texlive/2019/texmf-dist/tex/generic/pgf/modules/pgfmoduleplot.code.
tex
File: pgfmoduleplot.code.tex 2019/04/04 v3.1.2 (3.1.2)
)
(/usr/local/texlive/2019/texmf-dist/tex/latex/pgf/compatibility/pgfcomp-version
-0-65.sty
Package: pgfcomp-version-0-65 2019/04/04 v3.1.2 (3.1.2)
\pgf@nodesepstart=\dimen269
\pgf@nodesepend=\dimen270
)
(/usr/local/texlive/2019/texmf-dist/tex/latex/pgf/compatibility/pgfcomp-version
-1-18.sty
Package: pgfcomp-version-1-18 2019/04/04 v3.1.2 (3.1.2)
)) (/usr/local/texlive/2019/texmf-dist/tex/latex/tools/verbatim.sty
Package: verbatim 2014/10/28 v1.5q LaTeX2e package for verbatim enhancements
\every@verbatim=\toks37
\verbatim@line=\toks38
\verbatim@in@stream=\read3
) (/usr/local/texlive/2019/texmf-dist/tex/latex/environ/environ.sty
Package: environ 2014/05/04 v0.3 A new way to define environments
(/usr/local/texlive/2019/texmf-dist/tex/latex/trimspaces/trimspaces.sty
Package: trimspaces 2009/09/17 v1.1 Trim spaces around a token list
))
\tcb@titlebox=\box62
\tcb@upperbox=\box63
\tcb@lowerbox=\box64
\tcb@phantombox=\box65
\c@tcbbreakpart=\count313
\c@tcblayer=\count314
\tcolorbox@number=\count315
\tcb@temp=\box66
\tcb@temp=\box67
\tcb@temp=\box68
\tcb@temp=\box69
\tcb@out=\write4
\tcb@record@out=\write5
) (/usr/local/texlive/2019/texmf-dist/tex/latex/float/float.sty
Package: float 2001/11/08 v1.3d Float enhancements (AL)
\c@float@type=\count316
\float@exts=\toks39
\float@box=\box70
\@float@everytoks=\toks40
\@floatcapt=\box71
) (/usr/local/texlive/2019/texmf-dist/tex/latex/setspace/setspace.sty
Package: setspace 2011/12/19 v6.7a set line spacing
) (/usr/local/texlive/2019/texmf-dist/tex/latex/ebgaramond/ebgaramond.sty
Package: ebgaramond 2019/04/23 (Bob Tennent and autoinst) Style file for EB Gar
amond fonts.
Requested font "[EBGaramond-Regular.otf]/OT" at 11.99997pt
 -> /usr/local/texlive/2019/texmf-dist/fonts/opentype/public/ebgaramond/EBGaram
ond-Regular.otf
Requested font "[EBGaramond-Regular.otf]/OT" at 12.0pt
 -> /usr/local/texlive/2019/texmf-dist/fonts/opentype/public/ebgaramond/EBGaram
ond-Regular.otf
Requested font "[EBGaramond-Bold.otf]/OT" at 12.0pt
 -> /usr/local/texlive/2019/texmf-dist/fonts/opentype/public/ebgaramond/EBGaram
ond-Bold.otf
Requested font "[EBGaramond-Italic.otf]/OT" at 12.0pt
 -> /usr/local/texlive/2019/texmf-dist/fonts/opentype/public/ebgaramond/EBGaram
ond-Italic.otf
Requested font "[EBGaramond-BoldItalic.otf]/OT" at 12.0pt
 -> /usr/local/texlive/2019/texmf-dist/fonts/opentype/public/ebgaramond/EBGaram
ond-BoldItalic.otf

Package fontspec Info: Font family 'EBGaramond(0)' created for font
(fontspec)             'EBGaramond' with options [Ligatures = TeX,Scale =
(fontspec)             1,SmallCapsFeatures={},Extension =
(fontspec)             .otf,Ligatures=TeX,Numbers =
(fontspec)             {Proportional,OldStyle},UprightFont =
(fontspec)             *-Regular,ItalicFont = *-Italic,BoldFont =
(fontspec)             *-Bold,BoldItalicFont = *-BoldItalic].
(fontspec)              
(fontspec)              This font family consists of the following NFSS
(fontspec)             series/shapes:
(fontspec)              
(fontspec)             - 'normal' (m/n) with NFSS spec.:
(fontspec)             <->s*[1]"[EBGaramond-Regular.otf]/OT:script=latn;languag
e=DFLT;+pnum;+onum;mapping=tex-text;"
(fontspec)             - 'small caps'  (m/sc) with NFSS spec.:
(fontspec)             <->s*[1]"[EBGaramond-Regular.otf]/OT:script=latn;languag
e=DFLT;+pnum;+onum;+smcp;mapping=tex-text;"
(fontspec)             - 'bold' (bx/n) with NFSS spec.:
(fontspec)             <->s*[1]"[EBGaramond-Bold.otf]/OT:script=latn;language=D
FLT;+pnum;+onum;mapping=tex-text;"
(fontspec)             - 'bold small caps'  (bx/sc) with NFSS spec.:
(fontspec)             <->s*[1]"[EBGaramond-Bold.otf]/OT:script=latn;language=D
FLT;+pnum;+onum;+smcp;mapping=tex-text;"
(fontspec)             - 'italic' (m/it) with NFSS spec.:
(fontspec)             <->s*[1]"[EBGaramond-Italic.otf]/OT:script=latn;language
=DFLT;+pnum;+onum;mapping=tex-text;"
(fontspec)             - 'italic small caps'  (m/itsc) with NFSS spec.:
(fontspec)             <->s*[1]"[EBGaramond-Italic.otf]/OT:script=latn;language
=DFLT;+pnum;+onum;+smcp;mapping=tex-text;"
(fontspec)             - 'bold italic' (bx/it) with NFSS spec.:
(fontspec)             <->s*[1]"[EBGaramond-BoldItalic.otf]/OT:script=latn;lang
uage=DFLT;+pnum;+onum;mapping=tex-text;"
(fontspec)             - 'bold italic small caps'  (bx/itsc) with NFSS spec.:
(fontspec)             <->s*[1]"[EBGaramond-BoldItalic.otf]/OT:script=latn;lang
uage=DFLT;+pnum;+onum;+smcp;mapping=tex-text;"

LaTeX Info: Redefining \rmfamily on input line 121.
LaTeX Font Info:    Font shape `TU/EBGaramond(0)/m/n' will be
(Font)              scaled to size 12.0pt on input line 121.
Requested font "[EBGaramond-Regular.otf]/OT:script=latn;language=DFLT;+pnum;+on
um;mapping=tex-text;" at 12.0pt
 -> /usr/local/texlive/2019/texmf-dist/fonts/opentype/public/ebgaramond/EBGaram
ond-Regular.otf

Package fontspec Info: Font family 'EBGaramond(1)' created for font
(fontspec)             'EBGaramond' with options [Ligatures = TeX,Scale =
(fontspec)             1,SmallCapsFeatures={},Extension = .otf,Numbers =
(fontspec)             {Proportional,OldStyle},UprightFont =
(fontspec)             *-Regular,ItalicFont = *-Italic,BoldFont =
(fontspec)             *-Bold,BoldItalicFont = *-BoldItalic].
(fontspec)              
(fontspec)              This font family consists of the following NFSS
(fontspec)             series/shapes:
(fontspec)              
(fontspec)             - 'normal' (m/n) with NFSS spec.:
(fontspec)             <->s*[1]"[EBGaramond-Regular.otf]/OT:script=latn;languag
e=DFLT;+pnum;+onum;mapping=tex-text;"
(fontspec)             - 'small caps'  (m/sc) with NFSS spec.:
(fontspec)             <->s*[1]"[EBGaramond-Regular.otf]/OT:script=latn;languag
e=DFLT;+pnum;+onum;+smcp;mapping=tex-text;"
(fontspec)             - 'bold' (bx/n) with NFSS spec.:
(fontspec)             <->s*[1]"[EBGaramond-Bold.otf]/OT:script=latn;language=D
FLT;+pnum;+onum;mapping=tex-text;"
(fontspec)             - 'bold small caps'  (bx/sc) with NFSS spec.:
(fontspec)             <->s*[1]"[EBGaramond-Bold.otf]/OT:script=latn;language=D
FLT;+pnum;+onum;+smcp;mapping=tex-text;"
(fontspec)             - 'italic' (m/it) with NFSS spec.:
(fontspec)             <->s*[1]"[EBGaramond-Italic.otf]/OT:script=latn;language
=DFLT;+pnum;+onum;mapping=tex-text;"
(fontspec)             - 'italic small caps'  (m/itsc) with NFSS spec.:
(fontspec)             <->s*[1]"[EBGaramond-Italic.otf]/OT:script=latn;language
=DFLT;+pnum;+onum;+smcp;mapping=tex-text;"
(fontspec)             - 'bold italic' (bx/it) with NFSS spec.:
(fontspec)             <->s*[1]"[EBGaramond-BoldItalic.otf]/OT:script=latn;lang
uage=DFLT;+pnum;+onum;mapping=tex-text;"
(fontspec)             - 'bold italic small caps'  (bx/itsc) with NFSS spec.:
(fontspec)             <->s*[1]"[EBGaramond-BoldItalic.otf]/OT:script=latn;lang
uage=DFLT;+pnum;+onum;+smcp;mapping=tex-text;"

Requested font "[EBGaramond-Italic.otf]/OT" at 11.99997pt
 -> /usr/local/texlive/2019/texmf-dist/fonts/opentype/public/ebgaramond/EBGaram
ond-Italic.otf

Package fontspec Info: Font family 'EBGaramond(2)' created for font
(fontspec)             'EBGaramond' with options [Ligatures = TeX,Scale =
(fontspec)             1,SmallCapsFeatures={},Extension =
(fontspec)             .otf,Style={Swash},Numbers =
(fontspec)             {Proportional,OldStyle},UprightFont =
(fontspec)             *-Italic,ItalicFont = *-Italic,BoldFont =
(fontspec)             *-BoldItalic,BoldItalicFont = *-BoldItalic].
(fontspec)              
(fontspec)              This font family consists of the following NFSS
(fontspec)             series/shapes:
(fontspec)              
(fontspec)             - 'normal' (m/n) with NFSS spec.:
(fontspec)             <->s*[1]"[EBGaramond-Italic.otf]/OT:script=latn;language
=DFLT;+swsh;+pnum;+onum;mapping=tex-text;"
(fontspec)             - 'small caps'  (m/sc) with NFSS spec.:
(fontspec)             <->s*[1]"[EBGaramond-Italic.otf]/OT:script=latn;language
=DFLT;+swsh;+pnum;+onum;+smcp;mapping=tex-text;"
(fontspec)             - 'bold' (bx/n) with NFSS spec.:
(fontspec)             <->s*[1]"[EBGaramond-BoldItalic.otf]/OT:script=latn;lang
uage=DFLT;+swsh;+pnum;+onum;mapping=tex-text;"
(fontspec)             - 'bold small caps'  (bx/sc) with NFSS spec.:
(fontspec)             <->s*[1]"[EBGaramond-BoldItalic.otf]/OT:script=latn;lang
uage=DFLT;+swsh;+pnum;+onum;+smcp;mapping=tex-text;"
(fontspec)             - 'italic' (m/it) with NFSS spec.:
(fontspec)             <->s*[1]"[EBGaramond-Italic.otf]/OT:script=latn;language
=DFLT;+swsh;+pnum;+onum;mapping=tex-text;"
(fontspec)             - 'italic small caps'  (m/itsc) with NFSS spec.:
(fontspec)             <->s*[1]"[EBGaramond-Italic.otf]/OT:script=latn;language
=DFLT;+swsh;+pnum;+onum;+smcp;mapping=tex-text;"
(fontspec)             - 'bold italic' (bx/it) with NFSS spec.:
(fontspec)             <->s*[1]"[EBGaramond-BoldItalic.otf]/OT:script=latn;lang
uage=DFLT;+swsh;+pnum;+onum;mapping=tex-text;"
(fontspec)             - 'bold italic small caps'  (bx/itsc) with NFSS spec.:
(fontspec)             <->s*[1]"[EBGaramond-BoldItalic.otf]/OT:script=latn;lang
uage=DFLT;+swsh;+pnum;+onum;+smcp;mapping=tex-text;"


Package fontspec Info: Font family 'EBGaramond(3)' created for font
(fontspec)             'EBGaramond' with options [Ligatures = TeX,Scale =
(fontspec)             1,SmallCapsFeatures={},Extension = .otf,Numbers =
(fontspec)             {Proportional,Lining},UprightFont =
(fontspec)             *-Regular,ItalicFont = *-Italic,BoldFont =
(fontspec)             *-Bold,BoldItalicFont = *-BoldItalic].
(fontspec)              
(fontspec)              This font family consists of the following NFSS
(fontspec)             series/shapes:
(fontspec)              
(fontspec)             - 'normal' (m/n) with NFSS spec.:
(fontspec)             <->s*[1]"[EBGaramond-Regular.otf]/OT:script=latn;languag
e=DFLT;+pnum;+lnum;mapping=tex-text;"
(fontspec)             - 'small caps'  (m/sc) with NFSS spec.:
(fontspec)             <->s*[1]"[EBGaramond-Regular.otf]/OT:script=latn;languag
e=DFLT;+pnum;+lnum;+smcp;mapping=tex-text;"
(fontspec)             - 'bold' (bx/n) with NFSS spec.:
(fontspec)             <->s*[1]"[EBGaramond-Bold.otf]/OT:script=latn;language=D
FLT;+pnum;+lnum;mapping=tex-text;"
(fontspec)             - 'bold small caps'  (bx/sc) with NFSS spec.:
(fontspec)             <->s*[1]"[EBGaramond-Bold.otf]/OT:script=latn;language=D
FLT;+pnum;+lnum;+smcp;mapping=tex-text;"
(fontspec)             - 'italic' (m/it) with NFSS spec.:
(fontspec)             <->s*[1]"[EBGaramond-Italic.otf]/OT:script=latn;language
=DFLT;+pnum;+lnum;mapping=tex-text;"
(fontspec)             - 'italic small caps'  (m/itsc) with NFSS spec.:
(fontspec)             <->s*[1]"[EBGaramond-Italic.otf]/OT:script=latn;language
=DFLT;+pnum;+lnum;+smcp;mapping=tex-text;"
(fontspec)             - 'bold italic' (bx/it) with NFSS spec.:
(fontspec)             <->s*[1]"[EBGaramond-BoldItalic.otf]/OT:script=latn;lang
uage=DFLT;+pnum;+lnum;mapping=tex-text;"
(fontspec)             - 'bold italic small caps'  (bx/itsc) with NFSS spec.:
(fontspec)             <->s*[1]"[EBGaramond-BoldItalic.otf]/OT:script=latn;lang
uage=DFLT;+pnum;+lnum;+smcp;mapping=tex-text;"

Requested font "[EBGaramond-Initials.otf]/OT" at 11.99997pt
 -> /usr/local/texlive/2019/texmf-dist/fonts/opentype/public/ebgaramond/EBGaram
ond-Initials.otf
Missing character: There is no   in font [EBGaramond-Initials.otf]/OT!
Requested font "[EBGaramond-Initials.otf]/OT" at 12.0pt
 -> /usr/local/texlive/2019/texmf-dist/fonts/opentype/public/ebgaramond/EBGaram
ond-Initials.otf
Missing character: There is no   in font [EBGaramond-Initials.otf]/OT!

Package fontspec Info: Font family 'EBGaramond-Initials(0)' created for font
(fontspec)             'EBGaramond-Initials' with options [Ligatures =
(fontspec)             TeX,Scale = 1,SmallCapsFeatures={},Extension =
(fontspec)             .otf,BoldFont={},ItalicFont={},SmallCapsFont={}].
(fontspec)              
(fontspec)              This font family consists of the following NFSS
(fontspec)             series/shapes:
(fontspec)              
(fontspec)             - 'normal' (m/n) with NFSS spec.:
(fontspec)             <->s*[1]"[EBGaramond-Initials.otf]/OT:mapping=tex-text;"

(fontspec)             - 'small caps'  (m/sc) with NFSS spec.: 

LaTeX Info: Redefining \oldstylenums on input line 158.
LaTeX Info: Redefining \liningnums on input line 159.
LaTeX Info: Redefining \textin on input line 160.

Package fontspec Info: Font family 'EBGaramond(4)' created for font
(fontspec)             'EBGaramond' with options [Ligatures = TeX,Scale =
(fontspec)             1,SmallCapsFeatures={},Extension = .otf,Numbers =
(fontspec)             {Monospaced,OldStyle},UprightFont =
(fontspec)             *-Regular,ItalicFont = *-Italic,BoldFont =
(fontspec)             *-Bold,BoldItalicFont = *-BoldItalic].
(fontspec)              
(fontspec)              This font family consists of the following NFSS
(fontspec)             series/shapes:
(fontspec)              
(fontspec)             - 'normal' (m/n) with NFSS spec.:
(fontspec)             <->s*[1]"[EBGaramond-Regular.otf]/OT:script=latn;languag
e=DFLT;+tnum;+onum;mapping=tex-text;"
(fontspec)             - 'small caps'  (m/sc) with NFSS spec.:
(fontspec)             <->s*[1]"[EBGaramond-Regular.otf]/OT:script=latn;languag
e=DFLT;+tnum;+onum;+smcp;mapping=tex-text;"
(fontspec)             - 'bold' (bx/n) with NFSS spec.:
(fontspec)             <->s*[1]"[EBGaramond-Bold.otf]/OT:script=latn;language=D
FLT;+tnum;+onum;mapping=tex-text;"
(fontspec)             - 'bold small caps'  (bx/sc) with NFSS spec.:
(fontspec)             <->s*[1]"[EBGaramond-Bold.otf]/OT:script=latn;language=D
FLT;+tnum;+onum;+smcp;mapping=tex-text;"
(fontspec)             - 'italic' (m/it) with NFSS spec.:
(fontspec)             <->s*[1]"[EBGaramond-Italic.otf]/OT:script=latn;language
=DFLT;+tnum;+onum;mapping=tex-text;"
(fontspec)             - 'italic small caps'  (m/itsc) with NFSS spec.:
(fontspec)             <->s*[1]"[EBGaramond-Italic.otf]/OT:script=latn;language
=DFLT;+tnum;+onum;+smcp;mapping=tex-text;"
(fontspec)             - 'bold italic' (bx/it) with NFSS spec.:
(fontspec)             <->s*[1]"[EBGaramond-BoldItalic.otf]/OT:script=latn;lang
uage=DFLT;+tnum;+onum;mapping=tex-text;"
(fontspec)             - 'bold italic small caps'  (bx/itsc) with NFSS spec.:
(fontspec)             <->s*[1]"[EBGaramond-BoldItalic.otf]/OT:script=latn;lang
uage=DFLT;+tnum;+onum;+smcp;mapping=tex-text;"

) (/usr/local/texlive/2019/texmf-dist/tex/latex/multirow/multirow.sty
Package: multirow 2019/01/01 v2.4 Span multiple rows of a table
\multirow@colwidth=\skip65
\multirow@cntb=\count317
\multirow@dima=\skip66
\bigstrutjot=\dimen271
) (/usr/local/texlive/2019/texmf-dist/tex/latex/wrapfig/wrapfig.sty
\wrapoverhang=\dimen272
\WF@size=\dimen273
\c@WF@wrappedlines=\count318
\WF@box=\box72
\WF@everypar=\toks41
Package: wrapfig 2003/01/31  v 3.6
) (/usr/local/texlive/2019/texmf-dist/tex/latex/oberdiek/pdflscape.sty
Package: pdflscape 2016/05/14 v0.11 Display of landscape pages in PDF (HO)
(/usr/local/texlive/2019/texmf-dist/tex/latex/graphics/lscape.sty
Package: lscape 2000/10/22 v3.01 Landscape Pages (DPC)
)
Package pdflscape Info: Auto-detected driver: dvipdfm (xetex) on input line 99.

) (/usr/local/texlive/2019/texmf-dist/tex/latex/tabu/tabu.sty
Package: tabu 2019/01/11 v2.9 - flexible LaTeX tabulars (FC+tabu-fixed)
(/usr/local/texlive/2019/texmf-dist/tex/latex/varwidth/varwidth.sty
Package: varwidth 2009/03/30 ver 0.92;  Variable-width minipages
\@vwid@box=\box73
\sift@deathcycles=\count319
\@vwid@loff=\dimen274
\@vwid@roff=\dimen275
)
\c@taburow=\count320
\tabu@nbcols=\count321
\tabu@cnt=\count322
\tabu@Xcol=\count323
\tabu@alloc=\count324
\tabu@nested=\count325
\tabu@target=\dimen276
\tabu@spreadtarget=\dimen277
\tabu@naturalX=\dimen278
\tabucolX=\dimen279
\tabu@Xsum=\dimen280
\extrarowdepth=\dimen281
\abovetabulinesep=\dimen282
\belowtabulinesep=\dimen283
\tabustrutrule=\dimen284
\tabu@thebody=\toks42
\tabu@footnotes=\toks43
\tabu@box=\box74
\tabu@arstrutbox=\box75
\tabu@hleads=\box76
\tabu@vleads=\box77
\tabu@cellskip=\skip67
)
(/usr/local/texlive/2019/texmf-dist/tex/latex/threeparttable/threeparttable.sty
Package: threeparttable 2003/06/13  v 3.0
\@tempboxb=\box78
)
(/usr/local/texlive/2019/texmf-dist/tex/latex/threeparttablex/threeparttablex.s
ty
Package: threeparttablex 2013/07/23 v0.3 by daleif
\TPTL@width=\skip68
) (/usr/local/texlive/2019/texmf-dist/tex/generic/ulem/ulem.sty
\UL@box=\box79
\UL@hyphenbox=\box80
\UL@skip=\skip69
\UL@hook=\toks44
\UL@height=\dimen285
\UL@pe=\count326
\UL@pixel=\dimen286
\ULC@box=\box81
Requested font "lasy6" scaled 1000
 -> /usr/local/texlive/2019/texmf-dist/fonts/tfm/public/latex-fonts/lasy6.tfm
Package: ulem 2012/05/18
\ULdepth=\dimen287
) (/usr/local/texlive/2019/texmf-dist/tex/latex/makecell/makecell.sty
Package: makecell 2009/08/03 V0.1e Managing of Tab Column Heads and Cells
\rotheadsize=\dimen288
\c@nlinenum=\count327
\TeXr@lab=\toks45
) (./liberiaCoverageFinalReport.aux

LaTeX Warning: Label `fig:childform1' multiply defined.


LaTeX Warning: Label `fig:childform1' multiply defined.


LaTeX Warning: Label `fig:childform1' multiply defined.

)
\openout1 = `liberiaCoverageFinalReport.aux'.

LaTeX Font Info:    Checking defaults for OML/cmm/m/it on input line 132.
LaTeX Font Info:    ... okay on input line 132.
LaTeX Font Info:    Checking defaults for T1/cmr/m/n on input line 132.
LaTeX Font Info:    ... okay on input line 132.
LaTeX Font Info:    Checking defaults for OT1/cmr/m/n on input line 132.
LaTeX Font Info:    ... okay on input line 132.
LaTeX Font Info:    Checking defaults for OMS/cmsy/m/n on input line 132.
LaTeX Font Info:    ... okay on input line 132.
LaTeX Font Info:    Checking defaults for TU/lmr/m/n on input line 132.
LaTeX Font Info:    ... okay on input line 132.
LaTeX Font Info:    Checking defaults for OMX/cmex/m/n on input line 132.
LaTeX Font Info:    ... okay on input line 132.
LaTeX Font Info:    Checking defaults for U/cmr/m/n on input line 132.
LaTeX Font Info:    ... okay on input line 132.
LaTeX Font Info:    Checking defaults for TS1/cmr/m/n on input line 132.
LaTeX Font Info:    Try loading font information for TS1+cmr on input line 132.

(/usr/local/texlive/2019/texmf-dist/tex/latex/base/ts1cmr.fd
File: ts1cmr.fd 2014/09/29 v2.5h Standard LaTeX font definitions
)
LaTeX Font Info:    ... okay on input line 132.
LaTeX Font Info:    Checking defaults for PD1/pdf/m/n on input line 132.
LaTeX Font Info:    ... okay on input line 132.
LaTeX Font Info:    Checking defaults for PU/pdf/m/n on input line 132.
LaTeX Font Info:    ... okay on input line 132.
LaTeX Info: Redefining \microtypecontext on input line 132.
Package microtype Info: Character protrusion enabled (level 2).
Package microtype Info: Using protrusion set `basicmath'.
Package microtype Info: No adjustment of tracking.
Package microtype Info: No adjustment of spacing.
Package microtype Info: No adjustment of kerning.
Package microtype Info: Loading generic protrusion settings for font family
(microtype)             `EBGaramond' (encoding: TU).
(microtype)             For optimal results, create family-specific settings.
(microtype)             See the microtype manual for details.
*geometry* driver: auto-detecting
*geometry* detected driver: xetex
*geometry* verbose mode - [ preamble ] result:
* driver: xetex
* paper: a4paper
* layout: <same size as paper>
* layoutoffset:(h,v)=(0.0pt,0.0pt)
* modes: 
* h-part:(L,W,R)=(56.9055pt, 483.69687pt, 56.9055pt)
* v-part:(T,H,B)=(56.9055pt, 731.23584pt, 56.9055pt)
* \paperwidth=597.50787pt
* \paperheight=845.04684pt
* \textwidth=483.69687pt
* \textheight=731.23584pt
* \oddsidemargin=-15.36449pt
* \evensidemargin=-15.36449pt
* \topmargin=-52.36449pt
* \headheight=12.0pt
* \headsep=25.0pt
* \topskip=12.0pt
* \footskip=30.0pt
* \marginparwidth=35.0pt
* \marginparsep=10.0pt
* \columnsep=10.0pt
* \skip\footins=10.8pt plus 4.0pt minus 2.0pt
* \hoffset=0.0pt
* \voffset=0.0pt
* \mag=1000
* \@twocolumnfalse
* \@twosidefalse
* \@mparswitchfalse
* \@reversemarginfalse
* (1in=72.27pt=25.4mm, 1cm=28.453pt)

\AtBeginShipoutBox=\box82
Package hyperref Info: Link coloring ON on input line 132.
(/usr/local/texlive/2019/texmf-dist/tex/latex/hyperref/nameref.sty
Package: nameref 2016/05/21 v2.44 Cross-referencing by name of section
(/usr/local/texlive/2019/texmf-dist/tex/generic/oberdiek/gettitlestring.sty
Package: gettitlestring 2016/05/16 v1.5 Cleanup title references (HO)
)
\c@section@level=\count328
)
LaTeX Info: Redefining \ref on input line 132.
LaTeX Info: Redefining \pageref on input line 132.
LaTeX Info: Redefining \nameref on input line 132.
(./liberiaCoverageFinalReport.out) (./liberiaCoverageFinalReport.out)
\@outlinefile=\write6
\openout6 = `liberiaCoverageFinalReport.out'.

ABD: EveryShipout initializing macros
LaTeX Font Info:    Font shape `TU/EBGaramond(0)/m/n' will be
(Font)              scaled to size 20.74pt on input line 133.
Requested font "[EBGaramond-Regular.otf]/OT:script=latn;language=DFLT;+pnum;+on
um;mapping=tex-text;" at 20.74pt
 -> /usr/local/texlive/2019/texmf-dist/fonts/opentype/public/ebgaramond/EBGaram
ond-Regular.otf
File: figures/frontCoverEdit.jpg Graphic file (type bmp)
<figures/frontCoverEdit.jpg>
LaTeX Font Info:    Font shape `TU/EBGaramond(0)/m/n' will be
(Font)              scaled to size 14.4pt on input line 133.
Requested font "[EBGaramond-Regular.otf]/OT:script=latn;language=DFLT;+pnum;+on
um;mapping=tex-text;" at 14.4pt
 -> /usr/local/texlive/2019/texmf-dist/fonts/opentype/public/ebgaramond/EBGaram
ond-Regular.otf
LaTeX Font Info:    Font shape `TU/EBGaramond(0)/m/it' will be
(Font)              scaled to size 14.4pt on input line 133.
Requested font "[EBGaramond-Italic.otf]/OT:script=latn;language=DFLT;+pnum;+onu
m;mapping=tex-text;" at 14.4pt
 -> /usr/local/texlive/2019/texmf-dist/fonts/opentype/public/ebgaramond/EBGaram
ond-Italic.otf
[1

]
LaTeX Font Info:    Font shape `TU/EBGaramond(0)/m/n' will be
(Font)              scaled to size 17.28pt on input line 142.
Requested font "[EBGaramond-Regular.otf]/OT:script=latn;language=DFLT;+pnum;+on
um;mapping=tex-text;" at 17.28pt
 -> /usr/local/texlive/2019/texmf-dist/fonts/opentype/public/ebgaramond/EBGaram
ond-Regular.otf
LaTeX Font Info:    Font shape `TU/EBGaramond(0)/bx/n' will be
(Font)              scaled to size 17.28pt on input line 142.
Requested font "[EBGaramond-Bold.otf]/OT:script=latn;language=DFLT;+pnum;+onum;
mapping=tex-text;" at 17.28pt
 -> /usr/local/texlive/2019/texmf-dist/fonts/opentype/public/ebgaramond/EBGaram
ond-Bold.otf
(./liberiaCoverageFinalReport.toc
LaTeX Font Info:    Font shape `TU/EBGaramond(0)/bx/n' will be
(Font)              scaled to size 12.0pt on input line 1.
Requested font "[EBGaramond-Bold.otf]/OT:script=latn;language=DFLT;+pnum;+onum;
mapping=tex-text;" at 12.0pt
 -> /usr/local/texlive/2019/texmf-dist/fonts/opentype/public/ebgaramond/EBGaram
ond-Bold.otf
LaTeX Font Info:    Try loading font information for OT1+lmr on input line 6.
(/usr/local/texlive/2019/texmf-dist/tex/latex/lm/ot1lmr.fd
File: ot1lmr.fd 2009/10/30 v1.6 Font defs for Latin Modern
)
Requested font "rm-lmr12" at 12.0pt
 -> /usr/local/texlive/2019/texmf-dist/fonts/tfm/public/lm/rm-lmr12.tfm

(/usr/local/texlive/2019/texmf-dist/tex/latex/microtype/mt-LatinModernRoman.cfg
File: mt-LatinModernRoman.cfg 2013/03/13 v1.0 microtype config. file: Latin Mod
ern Roman (RS)
)
Requested font "rm-lmr8" at 8.0pt
 -> /usr/local/texlive/2019/texmf-dist/fonts/tfm/public/lm/rm-lmr8.tfm
Requested font "rm-lmr6" at 6.0pt
 -> /usr/local/texlive/2019/texmf-dist/fonts/tfm/public/lm/rm-lmr6.tfm
LaTeX Font Info:    Try loading font information for OML+lmm on input line 6.
(/usr/local/texlive/2019/texmf-dist/tex/latex/lm/omllmm.fd
File: omllmm.fd 2009/10/30 v1.6 Font defs for Latin Modern
)
Requested font "lmmi12" at 12.0pt
 -> /usr/local/texlive/2019/texmf-dist/fonts/tfm/public/lm/lmmi12.tfm
Requested font "lmmi8" at 8.0pt
 -> /usr/local/texlive/2019/texmf-dist/fonts/tfm/public/lm/lmmi8.tfm
Requested font "lmmi6" at 6.0pt
 -> /usr/local/texlive/2019/texmf-dist/fonts/tfm/public/lm/lmmi6.tfm
LaTeX Font Info:    Try loading font information for OMS+lmsy on input line 6.
(/usr/local/texlive/2019/texmf-dist/tex/latex/lm/omslmsy.fd
File: omslmsy.fd 2009/10/30 v1.6 Font defs for Latin Modern
)
Requested font "lmsy10" at 12.0pt
 -> /usr/local/texlive/2019/texmf-dist/fonts/tfm/public/lm/lmsy10.tfm
Requested font "lmsy8" at 8.0pt
 -> /usr/local/texlive/2019/texmf-dist/fonts/tfm/public/lm/lmsy8.tfm
Requested font "lmsy6" at 6.0pt
 -> /usr/local/texlive/2019/texmf-dist/fonts/tfm/public/lm/lmsy6.tfm
LaTeX Font Info:    Try loading font information for OMX+lmex on input line 6.
(/usr/local/texlive/2019/texmf-dist/tex/latex/lm/omxlmex.fd
File: omxlmex.fd 2009/10/30 v1.6 Font defs for Latin Modern
)
LaTeX Font Info:    External font `lmex10' loaded for size
(Font)              <12> on input line 6.
Requested font "lmex10" scaled 1000
 -> /usr/local/texlive/2019/texmf-dist/fonts/tfm/public/lm/lmex10.tfm
LaTeX Font Info:    External font `lmex10' loaded for size
(Font)              <8> on input line 6.
LaTeX Font Info:    External font `lmex10' loaded for size
(Font)              <6> on input line 6.
LaTeX Font Info:    Try loading font information for U+msa on input line 6.
(/usr/local/texlive/2019/texmf-dist/tex/latex/amsfonts/umsa.fd
File: umsa.fd 2013/01/14 v3.01 AMS symbols A
)
Requested font "msam10" at 12.0pt
 -> /usr/local/texlive/2019/texmf-dist/fonts/tfm/public/amsfonts/symbols/msam10
.tfm
(/usr/local/texlive/2019/texmf-dist/tex/latex/microtype/mt-msa.cfg
File: mt-msa.cfg 2006/02/04 v1.1 microtype config. file: AMS symbols (a) (RS)
)
Requested font "msam10" at 8.0pt
 -> /usr/local/texlive/2019/texmf-dist/fonts/tfm/public/amsfonts/symbols/msam10
.tfm
Requested font "msam7" at 6.0pt
 -> /usr/local/texlive/2019/texmf-dist/fonts/tfm/public/amsfonts/symbols/msam7.
tfm
LaTeX Font Info:    Try loading font information for U+msb on input line 6.
(/usr/local/texlive/2019/texmf-dist/tex/latex/amsfonts/umsb.fd
File: umsb.fd 2013/01/14 v3.01 AMS symbols B
)
Requested font "msbm10" at 12.0pt
 -> /usr/local/texlive/2019/texmf-dist/fonts/tfm/public/amsfonts/symbols/msbm10
.tfm
(/usr/local/texlive/2019/texmf-dist/tex/latex/microtype/mt-msb.cfg
File: mt-msb.cfg 2005/06/01 v1.0 microtype config. file: AMS symbols (b) (RS)
)
Requested font "msbm10" at 8.0pt
 -> /usr/local/texlive/2019/texmf-dist/fonts/tfm/public/amsfonts/symbols/msbm10
.tfm
Requested font "msbm7" at 6.0pt
 -> /usr/local/texlive/2019/texmf-dist/fonts/tfm/public/amsfonts/symbols/msbm7.
tfm
)
\tf@toc=\write7
\openout7 = `liberiaCoverageFinalReport.toc'.

(./liberiaCoverageFinalReport.lot [1])
\tf@lot=\write8
\openout8 = `liberiaCoverageFinalReport.lot'.

(./liberiaCoverageFinalReport.lof)
\tf@lof=\write9
\openout9 = `liberiaCoverageFinalReport.lof'.

[2] [3]
Underfull \vbox (badness 10000) detected at line 184
 []

[4] [5]
LaTeX Font Info:    Font shape `TU/EBGaramond(0)/m/it' will be
(Font)              scaled to size 12.0pt on input line 197.
Requested font "[EBGaramond-Italic.otf]/OT:script=latn;language=DFLT;+pnum;+onu
m;mapping=tex-text;" at 12.0pt
 -> /usr/local/texlive/2019/texmf-dist/fonts/opentype/public/ebgaramond/EBGaram
ond-Italic.otf
LaTeX Font Info:    Font shape `TU/EBGaramond(0)/bx/n' will be
(Font)              scaled to size 14.4pt on input line 205.
Requested font "[EBGaramond-Bold.otf]/OT:script=latn;language=DFLT;+pnum;+onum;
mapping=tex-text;" at 14.4pt
 -> /usr/local/texlive/2019/texmf-dist/fonts/opentype/public/ebgaramond/EBGaram
ond-Bold.otf
LaTeX Font Info:    Font shape `TU/EBGaramond(0)/m/n' will be
(Font)              scaled to size 8.0pt on input line 207.
Requested font "[EBGaramond-Regular.otf]/OT:script=latn;language=DFLT;+pnum;+on
um;mapping=tex-text;" at 8.0pt
 -> /usr/local/texlive/2019/texmf-dist/fonts/opentype/public/ebgaramond/EBGaram
ond-Regular.otf
LaTeX Font Info:    Font shape `TU/EBGaramond(0)/m/n' will be
(Font)              scaled to size 10.0pt on input line 207.
Requested font "[EBGaramond-Regular.otf]/OT:script=latn;language=DFLT;+pnum;+on
um;mapping=tex-text;" at 10.0pt
 -> /usr/local/texlive/2019/texmf-dist/fonts/opentype/public/ebgaramond/EBGaram
ond-Regular.otf
Requested font "rm-lmr10" at 10.0pt
 -> /usr/local/texlive/2019/texmf-dist/fonts/tfm/public/lm/rm-lmr10.tfm
Requested font "rm-lmr7" at 7.0pt
 -> /usr/local/texlive/2019/texmf-dist/fonts/tfm/public/lm/rm-lmr7.tfm
Requested font "rm-lmr5" at 5.0pt
 -> /usr/local/texlive/2019/texmf-dist/fonts/tfm/public/lm/rm-lmr5.tfm
Requested font "lmmi10" at 10.0pt
 -> /usr/local/texlive/2019/texmf-dist/fonts/tfm/public/lm/lmmi10.tfm
Requested font "lmmi7" at 7.0pt
 -> /usr/local/texlive/2019/texmf-dist/fonts/tfm/public/lm/lmmi7.tfm
Requested font "lmmi5" at 5.0pt
 -> /usr/local/texlive/2019/texmf-dist/fonts/tfm/public/lm/lmmi5.tfm
Requested font "lmsy10" at 10.0pt
 -> /usr/local/texlive/2019/texmf-dist/fonts/tfm/public/lm/lmsy10.tfm
Requested font "lmsy7" at 7.0pt
 -> /usr/local/texlive/2019/texmf-dist/fonts/tfm/public/lm/lmsy7.tfm
Requested font "lmsy5" at 5.0pt
 -> /usr/local/texlive/2019/texmf-dist/fonts/tfm/public/lm/lmsy5.tfm
LaTeX Font Info:    External font `lmex10' loaded for size
(Font)              <10> on input line 207.
LaTeX Font Info:    External font `lmex10' loaded for size
(Font)              <7> on input line 207.
LaTeX Font Info:    External font `lmex10' loaded for size
(Font)              <5> on input line 207.
Requested font "msam10" at 10.0pt
 -> /usr/local/texlive/2019/texmf-dist/fonts/tfm/public/amsfonts/symbols/msam10
.tfm
Requested font "msam7" at 7.0pt
 -> /usr/local/texlive/2019/texmf-dist/fonts/tfm/public/amsfonts/symbols/msam7.
tfm
Requested font "msam5" at 5.0pt
 -> /usr/local/texlive/2019/texmf-dist/fonts/tfm/public/amsfonts/symbols/msam5.
tfm
Requested font "msbm10" at 10.0pt
 -> /usr/local/texlive/2019/texmf-dist/fonts/tfm/public/amsfonts/symbols/msbm10
.tfm
Requested font "msbm7" at 7.0pt
 -> /usr/local/texlive/2019/texmf-dist/fonts/tfm/public/amsfonts/symbols/msbm7.
tfm
Requested font "msbm5" at 5.0pt
 -> /usr/local/texlive/2019/texmf-dist/fonts/tfm/public/amsfonts/symbols/msbm5.
tfm
LaTeX Font Info:    Font shape `TU/EBGaramond(0)/m/n' will be
(Font)              scaled to size 7.0pt on input line 207.
Requested font "[EBGaramond-Regular.otf]/OT:script=latn;language=DFLT;+pnum;+on
um;mapping=tex-text;" at 7.0pt
 -> /usr/local/texlive/2019/texmf-dist/fonts/opentype/public/ebgaramond/EBGaram
ond-Regular.otf
[6]
LaTeX Font Info:    Font shape `TU/EBGaramond(0)/m/n' will be
(Font)              scaled to size 6.0pt on input line 226.
Requested font "[EBGaramond-Regular.otf]/OT:script=latn;language=DFLT;+pnum;+on
um;mapping=tex-text;" at 6.0pt
 -> /usr/local/texlive/2019/texmf-dist/fonts/opentype/public/ebgaramond/EBGaram
ond-Regular.otf
[7] [8] [9]
File: forms/samForm.pdf Graphic file (type pdf)
<use forms/samForm.pdf>
[10]
File: forms/samBarriersForm.pdf Graphic file (type pdf)
<use forms/samBarriersForm.pdf>
[11]
File: forms/childForm1.png Graphic file (type bmp)
<forms/childForm1.png>
File: forms/childForm2.png Graphic file (type bmp)
<forms/childForm2.png>
File: forms/childForm3.png Graphic file (type bmp)
<forms/childForm3.png>
[12]
File: forms/childForm4.png Graphic file (type bmp)
<forms/childForm4.png>
[13] [14]
Requested font "[lmmono12-regular]:" at 12.0pt
 -> /usr/local/texlive/2019/texmf-dist/fonts/opentype/public/lm/lmmono12-regula
r.otf

Underfull \hbox (badness 10000) in paragraph at lines 396--397
[]\TU/EBGaramond(0)/m/n/12 This form (\TU/lmtt/m/n/12 liberiaCoverageVillageFor
m.xlsx \TU/EBGaramond(0)/m/n/12 and \TU/lmtt/m/n/12 liberiaCoverageVillageForm.
xml\TU/EBGaramond(0)/m/n/12 )
 []

[15] [16] [17]
File: figures/bbw.png Graphic file (type bmp)
<figures/bbw.png>

Overfull \vbox (28.02005pt too high) has occurred while \output is active []

[18]
File: liberiaCoverageFinalReport_files/figure-latex/ifa1plot-1.pdf Graphic file
 (type pdf)
<use liberiaCoverageFinalReport_files/figure-latex/ifa1plot-1.pdf>
[19]
File: liberiaCoverageFinalReport_files/figure-latex/ifaTanahashiPlot-1.pdf Grap
hic file (type pdf)
<use liberiaCoverageFinalReport_files/figure-latex/ifaTanahashiPlot-1.pdf>
LaTeX Font Info:    Font shape `TU/EBGaramond(0)/m/n' will be
(Font)              scaled to size 9.0pt on input line 536.
Requested font "[EBGaramond-Regular.otf]/OT:script=latn;language=DFLT;+pnum;+on
um;mapping=tex-text;" at 9.0pt
 -> /usr/local/texlive/2019/texmf-dist/fonts/opentype/public/ebgaramond/EBGaram
ond-Regular.otf
Requested font "rm-lmr9" at 9.0pt
 -> /usr/local/texlive/2019/texmf-dist/fonts/tfm/public/lm/rm-lmr9.tfm
Requested font "lmmi9" at 9.0pt
 -> /usr/local/texlive/2019/texmf-dist/fonts/tfm/public/lm/lmmi9.tfm
Requested font "lmsy9" at 9.0pt
 -> /usr/local/texlive/2019/texmf-dist/fonts/tfm/public/lm/lmsy9.tfm
LaTeX Font Info:    External font `lmex10' loaded for size
(Font)              <9> on input line 537.
Requested font "msam10" at 9.0pt
 -> /usr/local/texlive/2019/texmf-dist/fonts/tfm/public/amsfonts/symbols/msam10
.tfm
Requested font "msbm10" at 9.0pt
 -> /usr/local/texlive/2019/texmf-dist/fonts/tfm/public/amsfonts/symbols/msbm10
.tfm
LaTeX Font Info:    Font shape `TU/EBGaramond(0)/bx/n' will be
(Font)              scaled to size 9.0pt on input line 539.
Requested font "[EBGaramond-Bold.otf]/OT:script=latn;language=DFLT;+pnum;+onum;
mapping=tex-text;" at 9.0pt
 -> /usr/local/texlive/2019/texmf-dist/fonts/opentype/public/ebgaramond/EBGaram
ond-Bold.otf
Requested font "[lmmono9-regular]:" at 9.0pt
 -> /usr/local/texlive/2019/texmf-dist/fonts/opentype/public/lm/lmmono9-regular
.otf

Overfull \hbox (20.5401pt too wide) in paragraph at lines 537--552
 [][] 
 []

[20]
File: liberiaCoverageFinalReport_files/figure-latex/ifa2plot-1.pdf Graphic file
 (type pdf)
<use liberiaCoverageFinalReport_files/figure-latex/ifa2plot-1.pdf>

LaTeX Warning: Reference `fig:ifa1map' on page 21 undefined on input line 565.

File: liberiaCoverageFinalReport_files/figure-latex/ifa1Map-1.pdf Graphic file 
(type pdf)
<use liberiaCoverageFinalReport_files/figure-latex/ifa1Map-1.pdf>
[21]
File: liberiaCoverageFinalReport_files/figure-latex/ifa2Map-1.pdf Graphic file 
(type pdf)
<use liberiaCoverageFinalReport_files/figure-latex/ifa2Map-1.pdf>
[22]
File: liberiaCoverageFinalReport_files/figure-latex/icf1plot-1.pdf Graphic file
 (type pdf)
<use liberiaCoverageFinalReport_files/figure-latex/icf1plot-1.pdf>
LaTeX Font Info:    Font shape `TU/lmtt/bx/n' in size <9> not available
(Font)              Font shape `TU/lmtt/b/n' tried instead on input line 612.
Requested font "[lmmonolt10-bold]:" at 9.0pt
 -> /usr/local/texlive/2019/texmf-dist/fonts/opentype/public/lm/lmmonolt10-bold
.otf

Overfull \hbox (26.58807pt too wide) in paragraph at lines 606--618
 [][] 
 []

[23]
File: liberiaCoverageFinalReport_files/figure-latex/icf2table-1.pdf Graphic fil
e (type pdf)
<use liberiaCoverageFinalReport_files/figure-latex/icf2table-1.pdf>
File: liberiaCoverageFinalReport_files/figure-latex/icf1map-1.pdf Graphic file 
(type pdf)
<use liberiaCoverageFinalReport_files/figure-latex/icf1map-1.pdf>
[24] [25]
File: liberiaCoverageFinalReport_files/figure-latex/mnp1plot-1.pdf Graphic file
 (type pdf)
<use liberiaCoverageFinalReport_files/figure-latex/mnp1plot-1.pdf>

Overfull \hbox (32.2221pt too wide) in paragraph at lines 667--680
 [][] 
 []


LaTeX Warning: Reference `mnp2plot' on page 26 undefined on input line 682.

[26]
File: liberiaCoverageFinalReport_files/figure-latex/mnp2plot-1.pdf Graphic file
 (type pdf)
<use liberiaCoverageFinalReport_files/figure-latex/mnp2plot-1.pdf>

Package natbib Warning: Citation `mnp1map' on page 27 undefined on input line 6
93.

File: liberiaCoverageFinalReport_files/figure-latex/mnp1map-1.pdf Graphic file 
(type pdf)
<use liberiaCoverageFinalReport_files/figure-latex/mnp1map-1.pdf>
[27] [28]
File: liberiaCoverageFinalReport_files/figure-latex/vit1plot-1.pdf Graphic file
 (type pdf)
<use liberiaCoverageFinalReport_files/figure-latex/vit1plot-1.pdf>

LaTeX Warning: Reference `fig:vit1map' on page 29 undefined on input line 720.

[29]
File: liberiaCoverageFinalReport_files/figure-latex/vit2plot-1.pdf Graphic file
 (type pdf)
<use liberiaCoverageFinalReport_files/figure-latex/vit2plot-1.pdf>
[30]
File: liberiaCoverageFinalReport_files/figure-latex/nut1plot-1.pdf Graphic file
 (type pdf)
<use liberiaCoverageFinalReport_files/figure-latex/nut1plot-1.pdf>
[31]

LaTeX Warning: Reference `fig:screenMap' on page 32 undefined on input line 774
.

File: liberiaCoverageFinalReport_files/figure-latex/screen1-1.pdf Graphic file 
(type pdf)
<use liberiaCoverageFinalReport_files/figure-latex/screen1-1.pdf>

Overfull \hbox (46.54109pt too wide) in paragraph at lines 790--802
 [][] 
 []

[32]

LaTeX Warning: Reference `fig:cmam1' on page 33 undefined on input line 809.


LaTeX Warning: Reference `tab:cmam2' on page 33 undefined on input line 809.

File: liberiaCoverageFinalReport_files/figure-latex/cmam1plot-1.pdf Graphic fil
e (type pdf)
<use liberiaCoverageFinalReport_files/figure-latex/cmam1plot-1.pdf>

LaTeX Warning: Reference `fig:cmamMap' on page 33 undefined on input line 837.

[33]
File: liberiaCoverageFinalReport_files/figure-latex/cmamMap1-1.pdf Graphic file
 (type pdf)
<use liberiaCoverageFinalReport_files/figure-latex/cmamMap1-1.pdf>
File: liberiaCoverageFinalReport_files/figure-latex/cmamMap2-1.pdf Graphic file
 (type pdf)
<use liberiaCoverageFinalReport_files/figure-latex/cmamMap2-1.pdf>
[34]
File: liberiaCoverageFinalReport_files/figure-latex/cmam3-1.pdf Graphic file (t
ype pdf)
<use liberiaCoverageFinalReport_files/figure-latex/cmam3-1.pdf>
File: liberiaCoverageFinalReport_files/figure-latex/cmam3-2.pdf Graphic file (t
ype pdf)
<use liberiaCoverageFinalReport_files/figure-latex/cmam3-2.pdf>
[35] [36] (./liberiaCoverageFinalReport.bbl [37])

Package natbib Warning: There were undefined citations.

[38]
Package atveryend Info: Empty hook `BeforeClearDocument' on input line 891.
Package atveryend Info: Empty hook `AfterLastShipout' on input line 891.
(./liberiaCoverageFinalReport.aux)
Package atveryend Info: Empty hook `AtVeryEndDocument' on input line 891.
Package atveryend Info: Executing hook `AtEndAfterFileList' on input line 891.
Package rerunfilecheck Info: File `liberiaCoverageFinalReport.out' has not chan
ged.
(rerunfilecheck)             Checksum: ECD9A16EE12E49DD795E763B16D1B2CA.

LaTeX Warning: There were undefined references.


LaTeX Warning: There were multiply-defined labels.

 ) 
Here is how much of TeX's memory you used:
 35103 strings out of 492916
 685677 string characters out of 6133346
 792063 words of memory out of 5000000
 38613 multiletter control sequences out of 15000+600000
 561341 words of font info for 91 fonts, out of 8000000 for 9000
 1348 hyphenation exceptions out of 8191
 58i,17n,99p,1749b,449s stack positions out of 5000i,500n,10000p,200000b,80000s

Output written on liberiaCoverageFinalReport.pdf (39 pages).
